<?xml version="1.0" encoding="UTF-8" ?>
<testsuite tests="3" failures="0" name="TestCanal" time="0.004" errors="0" skipped="0">
  <properties>
    <property name="java.runtime.name" value="OpenJDK Runtime Environment"/>
    <property name="java.vm.version" value="14.0.2+12"/>
    <property name="sun.boot.library.path" value="C:\Program Files\ojdkbuild\java-14-openjdk-14.0.2-1\bin"/>
    <property name="maven.multiModuleProjectDirectory" value="C:\Users\Mehdi_Nait\eclipse-workspace\TpNote"/>
    <property name="java.vm.vendor" value="ojdkbuild"/>
    <property name="java.vendor.url" value="https://github.com/ojdkbuild"/>
    <property name="guice.disable.misplaced.annotation.check" value="true"/>
    <property name="path.separator" value=";"/>
    <property name="java.vm.name" value="OpenJDK 64-Bit Server VM"/>
    <property name="sun.os.patch.level" value=""/>
    <property name="user.script" value=""/>
    <property name="user.country" value="FR"/>
    <property name="sun.java.launcher" value="SUN_STANDARD"/>
    <property name="java.vm.specification.name" value="Java Virtual Machine Specification"/>
    <property name="user.dir" value="C:\Users\Mehdi_Nait\eclipse-workspace\TpNote"/>
    <property name="java.vm.compressedOopsMode" value="32-bit"/>
    <property name="java.runtime.version" value="14.0.2+12"/>
    <property name="os.arch" value="amd64"/>
    <property name="java.io.tmpdir" value="C:\Users\MEHDI_~1\AppData\Local\Temp\"/>
    <property name="line.separator" value="
"/>
    <property name="java.vm.specification.vendor" value="Oracle Corporation"/>
    <property name="user.variant" value=""/>
    <property name="os.name" value="Windows 10"/>
    <property name="classworlds.conf" value="C:\Users\Mehdi_Nait\eclipse-workspace\.metadata\.plugins\org.eclipse.m2e.launching\launches\m2conf3567186207109068076.tmp"/>
    <property name="sun.jnu.encoding" value="Cp1252"/>
    <property name="java.library.path" value="C:\Program Files\ojdkbuild\java-14-openjdk-14.0.2-1\bin;C:\Windows\Sun\Java\bin;C:\Windows\system32;C:\Windows;C:/Program Files/ojdkbuild/java-14-openjdk-14.0.2-1/bin/server;C:/Program Files/ojdkbuild/java-14-openjdk-14.0.2-1/bin;C:\Program Files\NVIDIA GPU Computing Toolkit\CUDA\v10.1\bin;C:\Program Files\NVIDIA GPU Computing Toolkit\CUDA\v10.1\libnvvp;C:\Program Files (x86)\VMware\VMware Player\bin\;C:\Python39\Scripts\;C:\Python39\;C:\Windows\system32;C:\Windows;C:\Windows\System32\Wbem;C:\Windows\System32\WindowsPowerShell\v1.0\;C:\Windows\System32\OpenSSH\;C:\ProgramData\chocolatey\bin;C:\Program Files\NVIDIA Corporation\NVIDIA NvDLISR;C:\Program Files (x86)\NVIDIA Corporation\PhysX\Common;C:\Program Files\Git\cmd;C:\Program Files\Microsoft VS Code\bin;C:\Program Files\ojdkbuild\java-14-openjdk-14.0.2-1\missioncontrol\;C:\Program Files\ojdkbuild\java-14-openjdk-14.0.2-1\bin;C:\Program Files\Java\jdk1.8.0_211\bin;C:\Android\android-sdk\tools;C:\Android\android-sdk\platform-tools;C:\Android\android-sdk\tools\bin;C:\Program Files\nodejs\;C:\Program Files\NVIDIA Corporation\Nsight Compute 2019.4.0\;C:\Users\Mehdi_Nait\anaconda3;C:\Users\Mehdi_Nait\anaconda3\Library\mingw-w64\bin;C:\Users\Mehdi_Nait\anaconda3\Library\usr\bin;C:\Users\Mehdi_Nait\anaconda3\Library\bin;C:\Users\Mehdi_Nait\anaconda3\Scripts;C:\Users\Mehdi_Nait\AppData\Local\Microsoft\WindowsApps;C:\Users\Mehdi_Nait\AppData\Roaming\npm;C:\Users\Mehdi_Nait\conda;C:\Users\Mehdi_Nait\conda\Scripts;C:\Users\Mehdi_Nait\conda\Library\bin;;C:\Users\Mehdi_Nait\Desktop;;."/>
    <property name="jdk.debug" value="release"/>
    <property name="java.class.version" value="58.0"/>
    <property name="java.specification.name" value="Java Platform API Specification"/>
    <property name="sun.management.compiler" value="HotSpot 64-Bit Tiered Compilers"/>
    <property name="os.version" value="10.0"/>
    <property name="user.home" value="C:\Users\Mehdi_Nait"/>
    <property name="user.timezone" value="Europe/Paris"/>
    <property name="file.encoding" value="Cp1252"/>
    <property name="java.specification.version" value="14"/>
    <property name="user.name" value="Mehdi_Nait"/>
    <property name="java.class.path" value="C:\Program Files\Eclipse 4.17\eclipse\plugins\org.eclipse.m2e.maven.runtime_1.16.0.20200610-1735\jars\plexus-classworlds-2.6.0.jar"/>
    <property name="java.vm.specification.version" value="14"/>
    <property name="sun.arch.data.model" value="64"/>
    <property name="sun.java.command" value="org.codehaus.plexus.classworlds.launcher.Launcher -B test"/>
    <property name="java.home" value="C:\Program Files\ojdkbuild\java-14-openjdk-14.0.2-1"/>
    <property name="user.language" value="fr"/>
    <property name="java.specification.vendor" value="Oracle Corporation"/>
    <property name="java.vm.info" value="mixed mode, sharing"/>
    <property name="java.version" value="14.0.2"/>
    <property name="java.vendor" value="ojdkbuild"/>
    <property name="maven.home" value="C:\Users\Mehdi_Nait\eclipse-workspace\TpNote\EMBEDDED"/>
    <property name="file.separator" value="\"/>
    <property name="java.version.date" value="2020-07-14"/>
    <property name="java.vendor.url.bug" value="https://github.com/ojdkbuild/ojdkbuild/issues"/>
    <property name="sun.io.unicode.encoding" value="UnicodeLittle"/>
    <property name="sun.cpu.endian" value="little"/>
    <property name="java.vendor.version" value="20.3"/>
    <property name="sun.cpu.isalist" value="amd64"/>
  </properties>
  <testcase classname="TestCanal" name="canalCompareOK" time="0.003"/>
  <testcase classname="TestCanal" name="ecrireMessageKO" time="0"/>
  <testcase classname="TestCanal" name="ecrireMessageOK" time="0.001"/>
</testsuite>